[debug] [2021-03-08T02:41:42.386Z] ----------------------------------------------------------------------
[debug] [2021-03-08T02:41:42.389Z] Command:       C:\Program Files\nodejs\node.exe C:\Users\mirah\AppData\Roaming\npm\node_modules\firebase-tools\lib\bin\firebase.js emulators:start
[debug] [2021-03-08T02:41:42.389Z] CLI Version:   9.4.0
[debug] [2021-03-08T02:41:42.389Z] Platform:      win32
[debug] [2021-03-08T02:41:42.390Z] Node Version:  v14.15.4
[debug] [2021-03-08T02:41:42.391Z] Time:          Sun Mar 07 2021 20:41:42 GMT-0600 (Central Standard Time)
[debug] [2021-03-08T02:41:42.391Z] ----------------------------------------------------------------------
[debug] [2021-03-08T02:41:42.391Z] 
[debug] [2021-03-08T02:41:42.398Z] > command requires scopes: ["email","openid","https://www.googleapis.com/auth/cloudplatformprojects.readonly","https://www.googleapis.com/auth/firebase","https://www.googleapis.com/auth/cloud-platform"]
[debug] [2021-03-08T02:41:42.399Z] > authorizing via signed-in user
[info] i  emulators: Starting emulators: functions {"metadata":{"emulator":{"name":"hub"},"message":"Starting emulators: functions"}}
[debug] [2021-03-08T02:41:42.505Z] [hub] writing locator at C:\Users\mirah\AppData\Local\Temp\hub-clone-c2ee7.json
[warn] !  functions: The following emulators are not running, calls to these services from the Functions emulator will affect production: auth, firestore, database, hosting, pubsub {"metadata":{"emulator":{"name":"functions"},"message":"The following emulators are not running, calls to these services from the Functions emulator will affect production: \u001b[1mauth, firestore, database, hosting, pubsub\u001b[22m"}}
[warn] !  Your requested "node" version "12" doesn't match your global version "14" {"metadata":{"emulator":{"name":"functions"},"message":"Your requested \"node\" version \"12\" doesn't match your global version \"14\""}}
[debug] [2021-03-08T02:41:42.577Z] defaultcredentials: writing to file C:\Users\mirah\AppData\Roaming\firebase\mirahasu2015_gmail_com_application_default_credentials.json
[debug] [2021-03-08T02:41:42.585Z] Setting GAC to C:\Users\mirah\AppData\Roaming\firebase\mirahasu2015_gmail_com_application_default_credentials.json {"metadata":{"emulator":{"name":"functions"},"message":"Setting GAC to C:\\Users\\mirah\\AppData\\Roaming\\firebase\\mirahasu2015_gmail_com_application_default_credentials.json"}}
[debug] [2021-03-08T02:41:42.592Z] > refreshing access token with scopes: []
[debug] [2021-03-08T02:41:42.595Z] >>> HTTP REQUEST POST https://www.googleapis.com/oauth2/v3/token  
 <request body omitted>
[debug] [2021-03-08T02:41:42.753Z] <<< HTTP RESPONSE 200 {"expires":"Mon, 01 Jan 1990 00:00:00 GMT","pragma":"no-cache","date":"Mon, 08 Mar 2021 02:41:42 GMT","cache-control":"no-cache, no-store, max-age=0, must-revalidate","content-type":"application/json; charset=utf-8","vary":"X-Origin, Referer, Origin,Accept-Encoding","server":"scaffolding on HTTPServer2","x-xss-protection":"0","x-frame-options":"SAMEORIGIN","x-content-type-options":"nosniff","alt-svc":"h3-29=\":443\"; ma=2592000,h3-T051=\":443\"; ma=2592000,h3-Q050=\":443\"; ma=2592000,h3-Q046=\":443\"; ma=2592000,h3-Q043=\":443\"; ma=2592000,quic=\":443\"; ma=2592000; v=\"46,43\"","accept-ranges":"none","transfer-encoding":"chunked"}
[debug] [2021-03-08T02:41:42.842Z] >>> [apiv2][query] GET https://firebase.googleapis.com/v1beta1/projects/clone-c2ee7/adminSdkConfig [none]
[debug] [2021-03-08T02:41:43.188Z] <<< [apiv2][status] GET https://firebase.googleapis.com/v1beta1/projects/clone-c2ee7/adminSdkConfig 200
[debug] [2021-03-08T02:41:43.188Z] <<< [apiv2][body] GET https://firebase.googleapis.com/v1beta1/projects/clone-c2ee7/adminSdkConfig {"projectId":"clone-c2ee7","storageBucket":"clone-c2ee7.appspot.com","locationId":"us-central"}
[warn] !  ui: Emulator UI unable to start on port 4000, starting on 4002 instead. {"metadata":{"emulator":{"name":"ui"},"message":"Emulator UI unable to start on port 4000, starting on 4002 instead."}}
[debug] [2021-03-08T02:41:43.442Z] Ignoring unsupported arg: auto_download {"metadata":{"emulator":{"name":"ui"},"message":"Ignoring unsupported arg: auto_download"}}
[debug] [2021-03-08T02:41:43.442Z] Ignoring unsupported arg: port {"metadata":{"emulator":{"name":"ui"},"message":"Ignoring unsupported arg: port"}}
[debug] [2021-03-08T02:41:43.443Z] Starting Emulator UI with command {"binary":"node","args":["C:\\Users\\mirah\\.cache\\firebase\\emulators\\ui-v1.4.1\\server.bundle.js"],"optionalArgs":[],"joinArgs":false} {"metadata":{"emulator":{"name":"ui"},"message":"Starting Emulator UI with command {\"binary\":\"node\",\"args\":[\"C:\\\\Users\\\\mirah\\\\.cache\\\\firebase\\\\emulators\\\\ui-v1.4.1\\\\server.bundle.js\"],\"optionalArgs\":[],\"joinArgs\":false}"}}
[info] i  ui: Emulator UI logging to ui-debug.log {"metadata":{"emulator":{"name":"ui"},"message":"Emulator UI logging to \u001b[1mui-debug.log\u001b[22m"}}
[debug] [2021-03-08T02:41:43.672Z] Web / API server started at http://localhost:4002
 {"metadata":{"emulator":{"name":"ui"},"message":"Web / API server started at http://localhost:4002\n"}}
[info] i  functions: Watching "C:\Phase3Exercises\Amazon-Clone-Backend\amazonfrontend\functions" for Cloud Functions... {"metadata":{"emulator":{"name":"functions"},"message":"Watching \"C:\\Phase3Exercises\\Amazon-Clone-Backend\\amazonfrontend\\functions\" for Cloud Functions..."}}
[debug] [2021-03-08T02:41:43.783Z] [worker-pool] addWorker(~diagnostic~) {"metadata":{"emulator":{"name":"functions"},"message":"[worker-pool] addWorker(~diagnostic~)"}}
[debug] [2021-03-08T02:41:43.783Z] [worker-pool] Adding worker with key ~diagnostic~, total=1 {"metadata":{"emulator":{"name":"functions"},"message":"[worker-pool] Adding worker with key ~diagnostic~, total=1"}}
[debug] [2021-03-08T02:41:43.789Z] [worker-pool] submitWork(triggerId=) {"metadata":{"emulator":{"name":"functions"},"message":"[worker-pool] submitWork(triggerId=)"}}
[debug] [2021-03-08T02:41:43.790Z] [worker-~diagnostic~-1121599b-3c53-446d-a00e-b6358a925fbf]: Assigning socketPath: \\?\pipe\C:\Phase3Exercises\Amazon-Clone-Backend\amazonfrontend\functions\14052 {"metadata":{"emulator":{"name":"functions"},"message":"[worker-~diagnostic~-1121599b-3c53-446d-a00e-b6358a925fbf]: Assigning socketPath: \\\\?\\pipe\\C:\\Phase3Exercises\\Amazon-Clone-Backend\\amazonfrontend\\functions\\14052"}}
[debug] [2021-03-08T02:41:43.793Z] [worker-~diagnostic~-1121599b-3c53-446d-a00e-b6358a925fbf]: BUSY {"metadata":{"emulator":{"name":"functions"},"message":"[worker-~diagnostic~-1121599b-3c53-446d-a00e-b6358a925fbf]: BUSY"}}
